0 info it worked if it ends with ok
1 verbose cli [ '/usr/bin/node', '/usr/bin/npm', 'install' ]
2 info using npm@1.4.28
3 info using node@v0.10.33
4 verbose node symlink /usr/bin/node
5 verbose readDependencies using package.json deps
6 verbose install where, deps [ '/home/cess/2014/projects/swagmap',
6 verbose install   [ 'async',
6 verbose install     'browserify',
6 verbose install     'fs-extra',
6 verbose install     'grunt',
6 verbose install     'grunt-cli',
6 verbose install     'inherits',
6 verbose install     'jasmine-node',
6 verbose install     'qsub',
6 verbose install     'request',
6 verbose install     'yaed',
6 verbose install     'yuidocjs',
6 verbose install     'yuidocjs-die-on-warnings' ] ]
7 info preinstall swagmap@1.0.0
8 verbose readDependencies using package.json deps
9 verbose already installed skipping request@2.40.0 /home/cess/2014/projects/swagmap
10 verbose cache add [ 'yaed@^1.0.0', null ]
11 verbose cache add name=undefined spec="yaed@^1.0.0" args=["yaed@^1.0.0",null]
12 verbose parsed url { protocol: null,
12 verbose parsed url   slashes: null,
12 verbose parsed url   auth: null,
12 verbose parsed url   host: null,
12 verbose parsed url   port: null,
12 verbose parsed url   hostname: null,
12 verbose parsed url   hash: null,
12 verbose parsed url   search: null,
12 verbose parsed url   query: null,
12 verbose parsed url   pathname: 'yaed@^1.0.0',
12 verbose parsed url   path: 'yaed@^1.0.0',
12 verbose parsed url   href: 'yaed@^1.0.0' }
13 verbose cache add [ 'yuidocjs@git+https://github.com/limikael/yuidoc.git', null ]
14 verbose cache add name=undefined spec="yuidocjs@git+https://github.com/limikael/yuidoc.git" args=["yuidocjs@git+https://github.com/limikael/yuidoc.git",null]
15 verbose parsed url { protocol: null,
15 verbose parsed url   slashes: null,
15 verbose parsed url   auth: null,
15 verbose parsed url   host: null,
15 verbose parsed url   port: null,
15 verbose parsed url   hostname: null,
15 verbose parsed url   hash: null,
15 verbose parsed url   search: null,
15 verbose parsed url   query: null,
15 verbose parsed url   pathname: 'yuidocjs@git+https://github.com/limikael/yuidoc.git',
15 verbose parsed url   path: 'yuidocjs@git+https://github.com/limikael/yuidoc.git',
15 verbose parsed url   href: 'yuidocjs@git+https://github.com/limikael/yuidoc.git' }
16 verbose already installed skipping yuidocjs-die-on-warnings@0.0.1 /home/cess/2014/projects/swagmap
17 verbose already installed skipping async@^0.9.0 /home/cess/2014/projects/swagmap
18 verbose already installed skipping browserify@^6.1.0 /home/cess/2014/projects/swagmap
19 verbose cache add name="yaed" spec="^1.0.0" args=["yaed","^1.0.0"]
20 verbose parsed url { protocol: null,
20 verbose parsed url   slashes: null,
20 verbose parsed url   auth: null,
20 verbose parsed url   host: null,
20 verbose parsed url   port: null,
20 verbose parsed url   hostname: null,
20 verbose parsed url   hash: null,
20 verbose parsed url   search: null,
20 verbose parsed url   query: null,
20 verbose parsed url   pathname: '^1.0.0',
20 verbose parsed url   path: '^1.0.0',
20 verbose parsed url   href: '^1.0.0' }
21 verbose addNamed [ 'yaed', '^1.0.0' ]
22 verbose addNamed [ null, '>=1.0.0-0 <2.0.0-0' ]
23 verbose cache add name="yuidocjs" spec="git+https://github.com/limikael/yuidoc.git" args=["yuidocjs","git+https://github.com/limikael/yuidoc.git"]
24 verbose parsed url { protocol: 'git+https:',
24 verbose parsed url   slashes: true,
24 verbose parsed url   auth: null,
24 verbose parsed url   host: 'github.com',
24 verbose parsed url   port: null,
24 verbose parsed url   hostname: 'github.com',
24 verbose parsed url   hash: null,
24 verbose parsed url   search: null,
24 verbose parsed url   query: null,
24 verbose parsed url   pathname: '/limikael/yuidoc.git',
24 verbose parsed url   path: '/limikael/yuidoc.git',
24 verbose parsed url   href: 'git+https://github.com/limikael/yuidoc.git' }
25 silly lockFile 7bd5118a-yaed-1-0-0 yaed@^1.0.0
26 verbose lock yaed@^1.0.0 /home/cess/.npm/7bd5118a-yaed-1-0-0.lock
27 silly lockFile 50592948-s-github-com-limikael-yuidoc-git https://github.com/limikael/yuidoc.git
28 verbose lock https://github.com/limikael/yuidoc.git /home/cess/.npm/50592948-s-github-com-limikael-yuidoc-git.lock
29 silly addNameRange { name: 'yaed', range: '>=1.0.0-0 <2.0.0-0', hasData: false }
30 verbose addRemoteGit [ 'https://github.com/limikael/yuidoc.git', 'master' ]
31 verbose already installed skipping fs-extra@^0.12.0 /home/cess/2014/projects/swagmap
32 verbose already installed skipping grunt@^0.4.5 /home/cess/2014/projects/swagmap
33 verbose already installed skipping grunt-cli@^0.1.13 /home/cess/2014/projects/swagmap
34 verbose request where is /yaed
35 verbose request registry https://registry.npmjs.org/
36 verbose request id 3e3ab878939d2a26
37 verbose url raw /yaed
38 verbose url resolving [ 'https://registry.npmjs.org/', './yaed' ]
39 verbose url resolved https://registry.npmjs.org/yaed
40 verbose request where is https://registry.npmjs.org/yaed
41 info trying registry request attempt 1 at 03:57:59
42 verbose etag "272ZW6MJUA1L781R93WKFD1V8"
43 http GET https://registry.npmjs.org/yaed
44 verbose already installed skipping inherits@^2.0.1 /home/cess/2014/projects/swagmap
45 verbose already installed skipping jasmine-node@^2.0.0-beta4 /home/cess/2014/projects/swagmap
46 verbose already installed skipping qsub@0.0.6 /home/cess/2014/projects/swagmap
47 verbose git remote.origin.url https://github.com/limikael/yuidoc.git
48 error git fetch -a origin (https://github.com/limikael/yuidoc.git) error: The requested URL returned error: 403 while accessing https://github.com/limikael/yuidoc.git/info/refs
48 error git fetch -a origin (https://github.com/limikael/yuidoc.git) fatal: HTTP request failed
49 silly lockFile 50592948-s-github-com-limikael-yuidoc-git https://github.com/limikael/yuidoc.git
50 silly lockFile 50592948-s-github-com-limikael-yuidoc-git https://github.com/limikael/yuidoc.git
51 info retry will retry, error on last attempt: Error: getaddrinfo ENOTFOUND
52 info trying registry request attempt 2 at 03:58:40
53 verbose etag "272ZW6MJUA1L781R93WKFD1V8"
54 http GET https://registry.npmjs.org/yaed
55 info retry will retry, error on last attempt: Error: connect ECONNREFUSED
56 info trying registry request attempt 3 at 04:00:06
57 verbose etag "272ZW6MJUA1L781R93WKFD1V8"
58 http GET https://registry.npmjs.org/yaed
59 http 304 https://registry.npmjs.org/yaed
60 silly registry.get cb [ 304,
60 silly registry.get   { date: 'Mon, 10 Nov 2014 12:04:31 GMT',
60 silly registry.get     server: 'Apache',
60 silly registry.get     via: '1.1 varnish',
60 silly registry.get     'last-modified': 'Mon, 10 Nov 2014 12:04:31 GMT',
60 silly registry.get     'cache-control': 'max-age=60',
60 silly registry.get     etag: '"272ZW6MJUA1L781R93WKFD1V8"',
60 silly registry.get     age: '0',
60 silly registry.get     'x-served-by': 'cache-lcy1122-LCY',
60 silly registry.get     'x-cache': 'MISS',
60 silly registry.get     'x-cache-hits': '0',
60 silly registry.get     'x-timer': 'S1415621071.206529,VS0,VE319',
60 silly registry.get     vary: 'Accept',
60 silly registry.get     'content-length': '0',
60 silly registry.get     'keep-alive': 'timeout=10, max=50',
60 silly registry.get     connection: 'Keep-Alive' } ]
61 verbose etag https://registry.npmjs.org/yaed from cache
62 silly addNameRange number 2 { name: 'yaed', range: '>=1.0.0-0 <2.0.0-0', hasData: true }
63 silly addNameRange versions [ 'yaed', [ '1.0.0' ] ]
64 verbose addNamed [ 'yaed', '1.0.0' ]
65 verbose addNamed [ '1.0.0', '1.0.0' ]
66 silly lockFile 038fd042-yaed-1-0-0 yaed@1.0.0
67 verbose lock yaed@1.0.0 /home/cess/.npm/038fd042-yaed-1-0-0.lock
68 silly lockFile 038fd042-yaed-1-0-0 yaed@1.0.0
69 silly lockFile 038fd042-yaed-1-0-0 yaed@1.0.0
70 silly lockFile 7bd5118a-yaed-1-0-0 yaed@^1.0.0
71 silly lockFile 7bd5118a-yaed-1-0-0 yaed@^1.0.0
72 error Error: Command failed: error: The requested URL returned error: 403 while accessing https://github.com/limikael/yuidoc.git/info/refs
72 error fatal: HTTP request failed
72 error
72 error     at ChildProcess.exithandler (child_process.js:648:15)
72 error     at ChildProcess.emit (events.js:98:17)
72 error     at maybeClose (child_process.js:756:16)
72 error     at Socket.<anonymous> (child_process.js:969:11)
72 error     at Socket.emit (events.js:95:17)
72 error     at Pipe.close (net.js:465:12)
73 error If you need help, you may report this *entire* log,
73 error including the npm and node versions, at:
73 error     <http://github.com/npm/npm/issues>
74 error System Linux 3.5.0-23-generic
75 error command "/usr/bin/node" "/usr/bin/npm" "install"
76 error cwd /home/cess/2014/projects/swagmap
77 error node -v v0.10.33
78 error npm -v 1.4.28
79 error code 128
80 verbose exit [ 1, true ]
